12-06-2019:11:13:49,712 INFO [Test_1.py:23] 手机与appuim成功建立连接
12-06-2019:11:13:49,712 INFO [Test_1.py:37] 点击消息，进入消息界面
12-06-2019:11:13:49,803 INFO [Test_1.py:88] 手机与appium断开连接
12-06-2019:11:14:06,363 INFO [Test_1.py:23] 手机与appuim成功建立连接
12-06-2019:11:14:06,363 INFO [Test_1.py:48] 点击排行，进入排行界面
12-06-2019:11:14:06,428 INFO [Test_1.py:88] 手机与appium断开连接
12-06-2019:11:14:22,545 INFO [Test_1.py:23] 手机与appuim成功建立连接
12-06-2019:11:14:22,545 INFO [Test_1.py:60] 点击我的，进入我的界面
12-06-2019:11:14:22,599 INFO [Test_1.py:88] 手机与appium断开连接
12-06-2019:11:14:38,748 INFO [Test_1.py:23] 手机与appuim成功建立连接
12-06-2019:11:14:38,748 INFO [Test_1.py:71] 点击我的，进入我的界面
12-06-2019:11:14:38,749 INFO [Test_1.py:88] 手机与appium断开连接
12-06-2019:11:17:45,841 INFO [Test_1.py:23] 手机与appuim成功建立连接
12-06-2019:11:17:45,841 INFO [Test_1.py:37] 点击消息，进入消息界面
12-06-2019:11:17:45,893 INFO [Test_1.py:88] 手机与appium断开连接
12-06-2019:11:18:02,591 INFO [Test_1.py:23] 手机与appuim成功建立连接
12-06-2019:11:18:02,591 INFO [Test_1.py:48] 点击排行，进入排行界面
12-06-2019:11:18:02,636 INFO [Test_1.py:88] 手机与appium断开连接
12-06-2019:11:18:33,2 INFO [Test_1.py:23] 手机与appuim成功建立连接
12-06-2019:11:18:33,2 INFO [Test_1.py:26] 点击密码按键，进入账号密码登录界面
12-06-2019:11:18:38,638 INFO [Test_1.py:29] 输入的手机号是：17637839607
12-06-2019:11:18:43,865 INFO [Test_1.py:31] 输入的密码是：y123456
12-06-2019:11:18:46,890 INFO [Test_1.py:35] 登录成功的处理
12-06-2019:11:18:46,890 INFO [Test_1.py:37] 点击消息，进入消息界面
12-06-2019:11:18:46,997 INFO [Test_1.py:88] 手机与appium断开连接
12-06-2019:11:19:03,954 INFO [Test_1.py:23] 手机与appuim成功建立连接
12-06-2019:11:19:03,954 INFO [Test_1.py:26] 点击密码按键，进入账号密码登录界面
12-06-2019:11:19:25,197 INFO [Test_1.py:23] 手机与appuim成功建立连接
12-06-2019:11:19:25,197 INFO [Test_1.py:26] 点击密码按键，进入账号密码登录界面
12-06-2019:11:19:50,17 INFO [Test_1.py:23] 手机与appuim成功建立连接
12-06-2019:11:19:50,17 INFO [Test_1.py:26] 点击密码按键，进入账号密码登录界面
12-06-2019:11:30:27,717 INFO [Test_1.py:24] 手机与appuim成功建立连接
12-06-2019:11:30:27,717 INFO [Test_1.py:27] 点击密码按键，进入账号密码登录界面
12-06-2019:11:30:33,427 INFO [Test_1.py:30] 输入的手机号是：17637839607
12-06-2019:11:30:38,856 INFO [Test_1.py:32] 输入的密码是：y123456
12-06-2019:11:32:33,395 INFO [Test_1.py:24] 手机与appuim成功建立连接
12-06-2019:11:32:33,395 INFO [Test_1.py:27] 点击密码按键，进入账号密码登录界面
12-06-2019:11:33:00,420 INFO [Test_1.py:24] 手机与appuim成功建立连接
12-06-2019:11:33:00,420 INFO [Test_1.py:27] 点击密码按键，进入账号密码登录界面
12-06-2019:11:33:06,73 INFO [Test_1.py:30] 输入的手机号是：17637839607
12-06-2019:11:33:11,463 INFO [Test_1.py:32] 输入的密码是：y123456
12-06-2019:11:34:11,608 INFO [Test_1.py:24] 手机与appuim成功建立连接
12-06-2019:11:34:11,608 INFO [Test_1.py:40] 点击消息，进入消息界面
12-06-2019:11:34:11,691 INFO [Test_1.py:51] 点击排行，进入排行界面
12-06-2019:11:34:11,729 INFO [Test_1.py:63] 点击我的，进入我的界面
12-06-2019:11:34:11,764 INFO [Test_1.py:74] 点击我的，进入我的界面
12-06-2019:11:34:11,814 INFO [Test_1.py:93] 手机与appium断开连接
12-06-2019:11:34:45,291 INFO [Test_1.py:24] 手机与appuim成功建立连接
12-06-2019:11:34:45,291 INFO [Test_1.py:40] 点击消息，进入消息界面
12-06-2019:11:34:45,344 INFO [Test_1.py:51] 点击排行，进入排行界面
12-06-2019:11:34:45,376 INFO [Test_1.py:63] 点击我的，进入我的界面
12-06-2019:11:34:45,420 INFO [Test_1.py:74] 点击我的，进入我的界面
12-06-2019:11:34:45,454 INFO [Test_1.py:93] 手机与appium断开连接
12-06-2019:11:35:53,745 INFO [Test_1.py:24] 手机与appuim成功建立连接
12-06-2019:11:35:53,745 INFO [Test_1.py:41] 点击消息，进入消息界面
12-06-2019:11:35:53,802 INFO [Test_1.py:52] 点击排行，进入排行界面
12-06-2019:11:35:53,838 INFO [Test_1.py:64] 点击我的，进入我的界面
12-06-2019:11:35:53,874 INFO [Test_1.py:75] 点击我的，进入我的界面
12-06-2019:11:35:53,915 INFO [Test_1.py:94] 手机与appium断开连接
12-06-2019:11:36:27,101 INFO [Test_1.py:24] 手机与appuim成功建立连接
12-06-2019:11:36:27,101 INFO [Test_1.py:26] 点击密码按键，进入账号密码登录界面
12-06-2019:11:36:33,404 INFO [Test_1.py:29] 输入的手机号是：17637839607
12-06-2019:11:36:38,700 INFO [Test_1.py:31] 输入的密码是：y123456
12-06-2019:11:40:48,652 INFO [Test_1.py:24] 手机与appuim成功建立连接
12-06-2019:11:40:48,652 INFO [Test_1.py:26] 点击密码按键，进入账号密码登录界面
12-06-2019:11:41:13,136 INFO [Test_1.py:24] 手机与appuim成功建立连接
12-06-2019:11:41:13,136 INFO [Test_1.py:26] 点击密码按键，进入账号密码登录界面
12-06-2019:11:41:18,740 INFO [Test_1.py:29] 输入的手机号是：17637839607
12-06-2019:11:41:23,990 INFO [Test_1.py:31] 输入的密码是：y123456
12-06-2019:11:42:04,445 INFO [Test_1.py:24] 手机与appuim成功建立连接
12-06-2019:11:42:04,445 INFO [Test_1.py:25] 点击密码按键，进入账号密码登录界面
12-06-2019:11:42:10,169 INFO [Test_1.py:28] 输入的手机号是：17637839607
12-06-2019:11:42:15,444 INFO [Test_1.py:30] 输入的密码是：y123456
12-06-2019:11:43:15,779 INFO [Test_1.py:24] 手机与appuim成功建立连接
12-06-2019:11:43:15,779 INFO [Test_1.py:25] 点击密码按键，进入账号密码登录界面
12-06-2019:11:43:21,334 INFO [Test_1.py:28] 输入的手机号是：17637839607
12-06-2019:11:43:26,909 INFO [Test_1.py:30] 输入的密码是：y123456
12-06-2019:11:43:30,258 INFO [Test_1.py:34] 登录成功的处理
12-06-2019:11:43:30,258 INFO [Test_1.py:36] 点击消息，进入消息界面
12-06-2019:11:43:30,294 INFO [Test_1.py:47] 点击排行，进入排行界面
12-06-2019:11:43:30,315 INFO [Test_1.py:59] 点击我的，进入我的界面
12-06-2019:11:43:30,364 INFO [Test_1.py:70] 点击我的，进入我的界面
12-06-2019:11:43:30,382 INFO [Test_1.py:89] 手机与appium断开连接
12-06-2019:11:45:49,466 INFO [Test_1.py:24] 手机与appuim成功建立连接
12-06-2019:11:45:49,466 INFO [Test_1.py:25] 点击密码按键，进入账号密码登录界面
12-06-2019:11:46:12,248 INFO [Test_1.py:24] 手机与appuim成功建立连接
12-06-2019:11:46:12,248 INFO [Test_1.py:25] 点击密码按键，进入账号密码登录界面
12-06-2019:11:46:17,863 INFO [Test_1.py:28] 输入的手机号是：17637839607
12-06-2019:11:46:23,111 INFO [Test_1.py:30] 输入的密码是：y123456
12-06-2019:11:46:26,618 INFO [Test_1.py:34] 登录成功的处理
12-06-2019:11:46:26,618 INFO [Test_1.py:36] 点击消息，进入消息界面
12-06-2019:11:46:26,638 INFO [Test_1.py:49] 点击排行，进入排行界面
12-06-2019:11:46:26,730 INFO [Test_1.py:61] 点击我的，进入我的界面
12-06-2019:11:46:26,777 INFO [Test_1.py:73] 点击我的，进入我的界面
12-06-2019:11:46:26,795 INFO [Test_1.py:89] 手机与appium断开连接
12-06-2019:11:49:22,575 INFO [Test_1.py:24] 手机与appuim成功建立连接
12-06-2019:11:49:22,575 INFO [Test_1.py:25] 点击密码按键，进入账号密码登录界面
12-06-2019:11:49:28,225 INFO [Test_1.py:28] 输入的手机号是：17637839607
12-06-2019:11:49:33,575 INFO [Test_1.py:30] 输入的密码是：y123456
12-06-2019:11:49:37,258 INFO [Test_1.py:34] 登录成功的处理
12-06-2019:11:49:37,357 INFO [Test_1.py:50] 点击排行，进入排行界面
12-06-2019:11:49:37,426 INFO [Test_1.py:62] 点击我的，进入我的界面
12-06-2019:11:49:37,488 INFO [Test_1.py:74] 点击我的，进入我的界面
12-06-2019:11:49:37,510 INFO [Test_1.py:90] 手机与appium断开连接
12-06-2019:14:20:25,345 INFO [Test_1.py:24] 手机与appuim成功建立连接
12-06-2019:14:20:25,375 INFO [Test_1.py:25] 点击密码按键，进入账号密码登录界面
12-06-2019:14:20:57,131 INFO [Test_1.py:24] 手机与appuim成功建立连接
12-06-2019:14:20:57,131 INFO [Test_1.py:25] 点击密码按键，进入账号密码登录界面
12-06-2019:14:21:02,886 INFO [Test_1.py:28] 输入的手机号是：17637839607
12-06-2019:14:21:08,115 INFO [Test_1.py:30] 输入的密码是：y123456
12-06-2019:14:21:12,180 INFO [Test_1.py:34] 登录成功的处理
12-06-2019:15:08:21,419 INFO [Test_1.py:24] 手机与appuim成功建立连接
12-06-2019:15:08:21,435 INFO [Test_1.py:25] 点击密码按键，进入账号密码登录界面
12-06-2019:15:08:51,536 INFO [Test_1.py:24] 手机与appuim成功建立连接
12-06-2019:15:08:51,536 INFO [Test_1.py:25] 点击密码按键，进入账号密码登录界面
12-06-2019:15:08:59,162 INFO [Test_1.py:29] 输入的手机号是：17637839607
12-06-2019:15:09:05,867 INFO [Test_1.py:32] 输入的密码是：y123456
12-06-2019:15:09:11,587 INFO [Test_1.py:38] 登录成功的处理
12-06-2019:15:09:11,653 INFO [Test_1.py:54] 点击排行，进入排行界面
12-06-2019:15:09:11,715 INFO [Test_1.py:67] 点击我的，进入我的界面
12-06-2019:15:09:11,753 INFO [Test_1.py:79] 点击我的，进入我的界面
12-06-2019:15:09:14,627 INFO [Test_1.py:101] 手机与appium断开连接
12-06-2019:15:21:19,617 INFO [Test_1.py:24] 手机与appuim成功建立连接
12-06-2019:15:21:19,617 INFO [Test_1.py:25] 点击密码按键，进入账号密码登录界面
12-06-2019:15:21:27,154 INFO [Test_1.py:29] 输入的手机号是：17637839607
12-06-2019:15:21:33,893 INFO [Test_1.py:32] 输入的密码是：y123456
12-06-2019:15:21:39,854 INFO [Test_1.py:38] 登录成功的处理
12-06-2019:15:21:39,917 INFO [Test_1.py:54] 点击排行，进入排行界面
12-06-2019:15:21:40,15 INFO [Test_1.py:67] 点击我的，进入我的界面
12-06-2019:15:21:40,71 INFO [Test_1.py:79] 点击我的，进入我的界面
12-06-2019:15:21:43,130 INFO [Test_1.py:101] 手机与appium断开连接
12-06-2019:15:30:15,800 INFO [Test_1.py:24] 手机与appuim成功建立连接
12-06-2019:15:30:15,800 INFO [Test_1.py:25] 点击密码按键，进入账号密码登录界面
12-06-2019:15:31:07,781 INFO [Test_1.py:24] 手机与appuim成功建立连接
12-06-2019:15:31:07,782 INFO [Test_1.py:25] 点击密码按键，进入账号密码登录界面
12-06-2019:15:32:07,39 INFO [Test_1.py:24] 手机与appuim成功建立连接
12-06-2019:15:32:07,39 INFO [Test_1.py:25] 点击密码按键，进入账号密码登录界面
12-06-2019:15:32:58,919 INFO [Test_1.py:24] 手机与appuim成功建立连接
12-06-2019:15:32:58,919 INFO [Test_1.py:25] 点击密码按键，进入账号密码登录界面
12-06-2019:15:35:39,966 INFO [Test_1.py:24] 手机与appuim成功建立连接
12-06-2019:15:35:39,966 INFO [Test_1.py:25] 点击密码按键，进入账号密码登录界面
12-06-2019:15:36:06,382 INFO [Test_1.py:24] 手机与appuim成功建立连接
12-06-2019:15:36:06,382 INFO [Test_1.py:25] 点击密码按键，进入账号密码登录界面
12-06-2019:15:36:48,634 INFO [Test_1.py:24] 手机与appuim成功建立连接
12-06-2019:15:36:48,634 INFO [Test_1.py:25] 点击密码按键，进入账号密码登录界面
12-06-2019:15:36:57,850 INFO [Test_1.py:29] 输入的手机号是：17637839607
12-06-2019:15:37:05,796 INFO [Test_1.py:32] 输入的密码是：y123456
12-06-2019:15:37:10,939 INFO [Test_1.py:38] 登录成功的处理
12-06-2019:15:37:10,985 INFO [Test_1.py:54] 点击排行，进入排行界面
12-06-2019:15:37:11,31 INFO [Test_1.py:67] 点击我的，进入我的界面
12-06-2019:15:37:11,66 INFO [Test_1.py:79] 点击我的，进入我的界面
12-06-2019:15:37:14,106 INFO [Test_1.py:101] 手机与appium断开连接
12-06-2019:16:05:00,147 INFO [Test_1.py:24] 手机与appuim成功建立连接
12-06-2019:16:05:00,212 INFO [Test_1.py:25] 点击密码按键，进入账号密码登录界面
12-06-2019:16:05:07,411 INFO [Test_1.py:29] 输入的手机号是：17637839607
12-06-2019:16:05:14,172 INFO [Test_1.py:32] 输入的密码是：y123456
12-06-2019:16:05:19,393 INFO [Test_1.py:38] 登录成功的处理
12-06-2019:16:05:21,783 INFO [Test_1.py:42] 点击消息，进入消息界面
12-06-2019:16:05:21,783 INFO [Test_1.py:44] 进入失败的处理
12-06-2019:16:05:22,43 INFO [Test_1.py:51] 进入成功消息的处理
12-06-2019:16:05:22,43 INFO [Test_1.py:54] 点击排行，进入排行界面
12-06-2019:16:05:24,611 INFO [Test_1.py:58] 进入失败的处理
12-06-2019:16:05:24,950 INFO [Test_1.py:64] 进入成功排行的处理
12-06-2019:16:05:24,950 INFO [Test_1.py:67] 点击我的，进入我的界面
12-06-2019:16:05:25,393 INFO [Test_1.py:70] 进入失败的处理
12-06-2019:16:05:26,370 INFO [Test_1.py:79] 点击我的，进入我的界面
12-06-2019:16:05:40,591 INFO [Test_1.py:90] 退出失败的处理
12-06-2019:16:05:40,668 INFO [Test_1.py:94] 退出成功的处理
12-06-2019:16:05:42,802 INFO [Test_1.py:101] 手机与appium断开连接
12-06-2019:16:17:25,181 INFO [Test_1.py:24] 手机与appuim成功建立连接
12-06-2019:16:17:25,181 INFO [Test_1.py:25] 点击密码按键，进入账号密码登录界面
12-06-2019:16:17:32,383 INFO [Test_1.py:29] 输入的手机号是：17637839607
12-06-2019:16:17:39,645 INFO [Test_1.py:32] 输入的密码是：y123456
12-06-2019:16:17:44,704 INFO [Test_1.py:38] 登录成功的处理
12-06-2019:16:17:47,227 INFO [Test_1.py:42] 点击消息，进入消息界面
12-06-2019:16:17:47,227 INFO [Test_1.py:44] 进入失败的处理
12-06-2019:16:17:47,506 INFO [Test_1.py:49] 进入成功消息的处理
12-06-2019:16:17:47,691 INFO [Test_1.py:53] 点击排行，进入排行界面
12-06-2019:16:17:50,39 INFO [Test_1.py:57] 进入失败的处理
12-06-2019:16:17:50,331 INFO [Test_1.py:63] 进入成功排行的处理
12-06-2019:16:17:50,331 INFO [Test_1.py:66] 点击我的，进入我的界面
12-06-2019:16:17:50,798 INFO [Test_1.py:69] 进入失败的处理
12-06-2019:16:17:51,841 INFO [Test_1.py:78] 点击我的，进入我的界面
12-06-2019:16:18:06,301 INFO [Test_1.py:89] 退出失败的处理
12-06-2019:16:18:06,412 INFO [Test_1.py:94] 退出成功的处理
12-06-2019:16:18:08,489 INFO [Test_1.py:101] 手机与appium断开连接
12-06-2019:16:56:29,608 INFO [Test_1.py:24] 手机与appuim成功建立连接
12-06-2019:16:56:29,673 INFO [Test_1.py:25] 点击密码按键，进入账号密码登录界面
12-06-2019:16:56:36,909 INFO [Test_1.py:29] 输入的手机号是：17637839607
12-06-2019:16:56:43,651 INFO [Test_1.py:32] 输入的密码是：y123456
12-06-2019:16:56:49,150 INFO [Test_1.py:38] 登录成功的处理
12-06-2019:16:56:52,7 INFO [Test_1.py:42] 点击消息，进入消息界面
12-06-2019:16:56:52,7 INFO [Test_1.py:44] 进入失败的处理
12-06-2019:16:56:52,70 INFO [Test_1.py:49] 进入成功消息的处理
12-06-2019:16:56:52,280 INFO [Test_1.py:53] 点击排行，进入排行界面
12-06-2019:16:56:54,688 INFO [Test_1.py:57] 进入失败的处理
12-06-2019:16:56:55,222 INFO [Test_1.py:63] 进入成功排行的处理
12-06-2019:16:56:55,222 INFO [Test_1.py:66] 点击我的，进入我的界面
12-06-2019:16:56:55,748 INFO [Test_1.py:69] 进入失败的处理
12-06-2019:16:56:57,691 INFO [Test_1.py:75] 进入成功我的处理
12-06-2019:16:56:57,691 INFO [Test_1.py:78] 点击我的，进入我的界面
12-06-2019:16:57:11,804 INFO [Test_1.py:89] 退出失败的处理
12-06-2019:16:57:11,911 INFO [Test_1.py:94] 退出成功的处理
12-06-2019:16:57:14,21 INFO [Test_1.py:101] 手机与appium断开连接
